[2026-02-21T17:19:36.086Z] [INFO] ✅ Message WebSocket handlers initialized
[2026-02-21T17:19:36.124Z] [INFO] Connecting to PostgreSQL...
[2026-02-21T17:19:36.179Z] [INFO] Connecting to Redis...
[2026-02-21T17:23:08.519Z] [INFO] SIGTERM received. Starting graceful shutdown...
[2026-02-21T17:23:08.525Z] [INFO] HTTP server closed
[2026-02-21T17:23:08.531Z] [INFO] WebSocket server closed
[2026-02-21T17:50:05.422Z] [INFO] ✅ Message WebSocket handlers initialized
[2026-02-21T17:50:05.452Z] [INFO] Connecting to PostgreSQL...
[2026-02-21T17:50:05.503Z] [INFO] Connecting to Redis...
[2026-02-21T18:00:00.048Z] [INFO] Running cron: Delete expired stories
[2026-02-21T18:00:00.057Z] [ERROR] Delete expired stories error: {"error":"relation \"stories\" does not exist"}
[2026-02-21T18:00:00.060Z] [INFO] Cron completed: 0 stories deleted
[2026-02-21T18:02:55.950Z] [INFO] SIGTERM received. Starting graceful shutdown...
[2026-02-21T18:02:55.955Z] [INFO] HTTP server closed
[2026-02-21T18:02:55.961Z] [INFO] WebSocket server closed
[2026-02-21T18:04:30.696Z] [INFO] ✅ Message WebSocket handlers initialized
[2026-02-21T18:04:30.728Z] [INFO] Connecting to PostgreSQL...
[2026-02-21T18:04:30.776Z] [INFO] Connecting to Redis...
[2026-02-21T18:59:27.146Z] [INFO] SIGTERM received. Starting graceful shutdown...
[2026-02-21T18:59:27.151Z] [INFO] HTTP server closed
[2026-02-21T18:59:27.158Z] [INFO] WebSocket server closed
[2026-02-21T18:59:27.881Z] [ERROR] Failed to initialize connections: {"error":"Failed to connect to Redis"}
[2026-02-21T18:59:27.892Z] [ERROR] Failed to initialize connections. Server not started.
[2026-02-21T18:59:53.259Z] [INFO] ✅ Message WebSocket handlers initialized
[2026-02-21T18:59:53.288Z] [INFO] Connecting to PostgreSQL...
[2026-02-21T18:59:53.329Z] [INFO] Connecting to Redis...
[2026-02-21T19:00:00.292Z] [INFO] Running cron: Delete expired stories
[2026-02-21T19:00:00.299Z] [ERROR] Delete expired stories error: {"error":"relation \"stories\" does not exist"}
[2026-02-21T19:00:00.303Z] [INFO] Cron completed: 0 stories deleted
[2026-02-21T19:01:45.495Z] [INFO] SIGTERM received. Starting graceful shutdown...
[2026-02-21T19:01:45.501Z] [INFO] HTTP server closed
[2026-02-21T19:01:45.507Z] [INFO] WebSocket server closed
[2026-02-21T19:01:46.551Z] [ERROR] Failed to initialize connections: {"error":"Failed to connect to Redis"}
[2026-02-21T19:01:46.556Z] [ERROR] Failed to initialize connections. Server not started.
[2026-02-21T19:02:12.965Z] [INFO] ✅ Message WebSocket handlers initialized
[2026-02-21T19:02:12.998Z] [INFO] Connecting to PostgreSQL...
[2026-02-21T19:02:13.052Z] [INFO] Connecting to Redis...
[2026-02-21T19:05:00.225Z] [INFO] SIGTERM received. Starting graceful shutdown...
[2026-02-21T19:05:00.231Z] [INFO] HTTP server closed
[2026-02-21T19:05:00.236Z] [INFO] WebSocket server closed
[2026-02-21T19:05:00.346Z] [ERROR] Failed to initialize connections: {"error":"Failed to connect to Redis"}
[2026-02-21T19:05:00.353Z] [ERROR] Failed to initialize connections. Server not started.
[2026-02-21T19:05:50.387Z] [INFO] ✅ Message WebSocket handlers initialized
[2026-02-21T19:05:50.415Z] [INFO] Connecting to PostgreSQL...
[2026-02-21T19:05:50.473Z] [INFO] Connecting to Redis...
[2026-02-21T19:08:29.320Z] [INFO] SIGTERM received. Starting graceful shutdown...
[2026-02-21T19:08:29.325Z] [INFO] HTTP server closed
[2026-02-21T19:08:29.329Z] [INFO] WebSocket server closed
[2026-02-21T19:08:29.751Z] [ERROR] Failed to initialize connections: {"error":"Failed to connect to Redis"}
[2026-02-21T19:08:29.757Z] [ERROR] Failed to initialize connections. Server not started.
[2026-02-21T19:08:56.379Z] [INFO] ✅ Message WebSocket handlers initialized
[2026-02-21T19:08:56.410Z] [INFO] Connecting to PostgreSQL...
[2026-02-21T19:08:56.453Z] [INFO] Connecting to Redis...
[2026-02-21T19:12:33.055Z] [INFO] SIGTERM received. Starting graceful shutdown...
[2026-02-21T19:12:33.060Z] [INFO] HTTP server closed
[2026-02-21T19:12:33.066Z] [INFO] WebSocket server closed
[2026-02-21T19:12:33.810Z] [ERROR] Failed to initialize connections: {"error":"Failed to connect to Redis"}
[2026-02-21T19:12:33.816Z] [ERROR] Failed to initialize connections. Server not started.
[2026-02-21T19:12:59.533Z] [INFO] ✅ Message WebSocket handlers initialized
[2026-02-21T19:12:59.563Z] [INFO] Connecting to PostgreSQL...
[2026-02-21T19:12:59.617Z] [INFO] Connecting to Redis...
[2026-02-21T19:16:13.759Z] [INFO] SIGTERM received. Starting graceful shutdown...
[2026-02-21T19:16:13.767Z] [INFO] HTTP server closed
[2026-02-21T19:16:13.776Z] [INFO] WebSocket server closed
[2026-02-21T19:16:40.086Z] [INFO] ✅ Message WebSocket handlers initialized
[2026-02-21T19:16:40.116Z] [INFO] Connecting to PostgreSQL...
[2026-02-21T19:16:40.174Z] [INFO] Connecting to Redis...
[2026-02-21T19:25:30.530Z] [INFO] SIGTERM received. Starting graceful shutdown...
[2026-02-21T19:25:30.535Z] [INFO] HTTP server closed
[2026-02-21T19:25:30.542Z] [INFO] WebSocket server closed
[2026-02-21T19:29:05.329Z] [INFO] ✅ Message WebSocket handlers initialized
[2026-02-21T19:29:05.356Z] [INFO] Connecting to PostgreSQL...
[2026-02-21T19:29:05.408Z] [INFO] Connecting to Redis...
[2026-02-21T19:32:40.027Z] [INFO] SIGTERM received. Shutting down...
[2026-02-21T19:32:40.761Z] [ERROR] Failed to initialize connections: {"error":"Failed to connect to Redis"}
[2026-02-21T19:32:40.768Z] [ERROR] Connections failed. Exiting.
[2026-02-21T19:32:47.261Z] [INFO] ✅ Message WebSocket handlers initialized
[2026-02-21T19:32:47.294Z] [INFO] Connecting to PostgreSQL...
[2026-02-21T19:32:47.350Z] [INFO] Connecting to Redis...
[2026-02-21T19:36:50.583Z] [INFO] SIGTERM received. Shutting down...
[2026-02-21T19:36:50.737Z] [ERROR] Failed to initialize connections: {"error":"Failed to connect to Redis"}
[2026-02-21T19:36:50.742Z] [ERROR] Connections failed. Exiting.
[2026-02-21T19:37:47.275Z] [INFO] ✅ Message WebSocket handlers initialized
[2026-02-21T19:37:47.303Z] [INFO] Connecting to PostgreSQL...
[2026-02-21T19:37:47.354Z] [INFO] Connecting to Redis...
[2026-02-21T19:44:18.468Z] [INFO] SIGTERM received. Shutting down...
[2026-02-21T19:44:18.912Z] [ERROR] Failed to initialize connections: {"error":"Failed to connect to Redis"}
[2026-02-21T19:44:18.920Z] [ERROR] Connections failed. Exiting.
[2026-02-21T19:45:03.564Z] [INFO] ✅ Message WebSocket handlers initialized
[2026-02-21T19:45:03.586Z] [INFO] Connecting to PostgreSQL...
[2026-02-21T19:45:03.627Z] [INFO] Connecting to Redis...
[2026-02-21T19:46:27.336Z] [INFO] SIGTERM received. Shutting down...
[2026-02-21T19:47:11.744Z] [INFO] ✅ Message WebSocket handlers initialized
[2026-02-21T19:47:11.775Z] [INFO] Connecting to PostgreSQL...
[2026-02-21T19:47:11.829Z] [INFO] Connecting to Redis...
[2026-02-21T19:50:28.487Z] [INFO] SIGTERM received. Shutting down...
[2026-02-21T19:50:29.150Z] [ERROR] Failed to initialize connections: {"error":"Failed to connect to Redis"}
[2026-02-21T19:50:29.157Z] [ERROR] Connections failed. Exiting.
[2026-02-21T19:51:09.822Z] [INFO] ✅ Message WebSocket handlers initialized
[2026-02-21T19:51:09.847Z] [INFO] Connecting to PostgreSQL...
[2026-02-21T19:51:09.895Z] [INFO] Connecting to Redis...
[2026-02-21T19:54:07.040Z] [INFO] ✅ Message WebSocket handlers initialized
[2026-02-21T19:54:07.080Z] [INFO] Connecting to PostgreSQL...
[2026-02-21T19:54:07.142Z] [INFO] SIGTERM received. Shutting down...
[2026-02-21T20:01:51.927Z] [INFO] ✅ Message WebSocket handlers initialized
[2026-02-21T20:01:51.971Z] [INFO] Connecting to PostgreSQL...
[2026-02-21T20:01:52.046Z] [INFO] Connecting to Redis...
[2026-02-21T20:06:21.317Z] [INFO] SIGTERM received. Shutting down...
[2026-02-21T20:06:21.477Z] [ERROR] Failed to initialize connections: {"error":"Failed to connect to Redis"}
[2026-02-21T20:06:21.483Z] [ERROR] Connections failed. Exiting.
[2026-02-21T20:07:14.342Z] [INFO] ✅ Message WebSocket handlers initialized
[2026-02-21T20:07:14.371Z] [INFO] Connecting to PostgreSQL...
[2026-02-21T20:07:14.427Z] [INFO] Connecting to Redis...
[2026-02-21T20:11:44.557Z] [INFO] SIGTERM received. Shutting down...
[2026-02-21T20:12:25.793Z] [INFO] ✅ Message WebSocket handlers initialized
[2026-02-21T20:12:25.821Z] [INFO] Connecting to PostgreSQL...
[2026-02-21T20:12:25.869Z] [INFO] Connecting to Redis...
[2026-02-21T20:14:11.134Z] [INFO] SIGTERM received. Shutting down...
[2026-02-21T20:14:52.304Z] [INFO] ✅ Message WebSocket handlers initialized
[2026-02-21T20:14:52.326Z] [INFO] Connecting to PostgreSQL...
[2026-02-21T20:14:52.369Z] [INFO] Connecting to Redis...
[2026-02-22T15:54:13.365Z] [INFO] SIGTERM received. Shutting down...
[2026-02-22T15:54:14.036Z] [ERROR] Failed to initialize connections: {"error":"Failed to connect to Redis"}
[2026-02-22T15:54:14.068Z] [ERROR] Connections failed. Exiting.
[2026-02-22T15:54:52.268Z] [INFO] ✅ Message WebSocket handlers initialized
[2026-02-22T15:54:52.300Z] [INFO] Connecting to PostgreSQL...
[2026-02-22T15:54:52.349Z] [INFO] Connecting to Redis...
[2026-02-22T16:00:00.621Z] [INFO] Running cron: Delete expired stories
[2026-02-22T16:00:00.641Z] [ERROR] Delete expired stories error: {"error":"relation \"stories\" does not exist"}
[2026-02-22T16:00:00.669Z] [INFO] Cron completed: 0 stories deleted
[2026-02-22T16:02:24.518Z] [INFO] SIGTERM received. Shutting down...
[2026-02-22T16:03:06.306Z] [INFO] ✅ Message WebSocket handlers initialized
[2026-02-22T16:03:06.337Z] [INFO] Connecting to PostgreSQL...
[2026-02-22T16:03:06.400Z] [INFO] Connecting to Redis...
[2026-02-22T16:06:38.374Z] [INFO] SIGTERM received. Shutting down...
[2026-02-22T16:08:05.031Z] [INFO] ✅ Message WebSocket handlers initialized
[2026-02-22T16:08:05.064Z] [INFO] Connecting to PostgreSQL...
[2026-02-22T16:08:05.112Z] [INFO] Connecting to Redis...
[2026-02-22T16:11:36.838Z] [INFO] SIGTERM received. Shutting down...
[2026-02-22T16:12:16.275Z] [INFO] ✅ Message WebSocket handlers initialized
[2026-02-22T16:12:16.309Z] [INFO] Connecting to PostgreSQL...
[2026-02-22T16:12:16.365Z] [INFO] Connecting to Redis...
[2026-02-22T16:15:13.270Z] [INFO] SIGTERM received. Shutting down...
[2026-02-22T16:15:13.662Z] [ERROR] Failed to initialize connections: {"error":"Failed to connect to Redis"}
[2026-02-22T16:15:13.688Z] [ERROR] Connections failed. Exiting.
[2026-02-22T16:15:19.963Z] [INFO] ✅ Message WebSocket handlers initialized
[2026-02-22T16:15:19.995Z] [INFO] Connecting to PostgreSQL...
[2026-02-22T16:15:20.044Z] [INFO] Connecting to Redis...
[2026-02-22T16:20:46.574Z] [INFO] SIGTERM received. Shutting down...
[2026-02-22T16:20:47.540Z] [ERROR] Failed to initialize connections: {"error":"Failed to connect to Redis"}
[2026-02-22T16:20:47.567Z] [ERROR] Connections failed. Exiting.
[2026-02-22T16:21:41.859Z] [INFO] ✅ Message WebSocket handlers initialized
[2026-02-22T16:21:41.913Z] [INFO] Connecting to PostgreSQL...
[2026-02-22T16:21:41.973Z] [INFO] Connecting to Redis...
[2026-02-22T16:27:42.386Z] [INFO] SIGTERM received. Shutting down...
[2026-02-22T16:29:02.111Z] [INFO] ✅ Message WebSocket handlers initialized
[2026-02-22T16:29:02.150Z] [INFO] Connecting to PostgreSQL...
[2026-02-22T16:29:02.202Z] [INFO] Connecting to Redis...
[2026-02-22T16:36:49.116Z] [INFO] SIGTERM received. Shutting down...
[2026-02-22T16:36:49.858Z] [ERROR] Failed to initialize connections: {"error":"Failed to connect to Redis"}
[2026-02-22T16:36:49.882Z] [ERROR] Connections failed. Exiting.
[2026-02-22T16:37:32.940Z] [INFO] ✅ Message WebSocket handlers initialized
[2026-02-22T16:37:32.973Z] [INFO] Connecting to PostgreSQL...
[2026-02-22T16:37:33.027Z] [INFO] Connecting to Redis...
[2026-02-22T16:40:04.542Z] [INFO] SIGTERM received. Shutting down...
[2026-02-22T16:40:48.006Z] [INFO] ✅ Message WebSocket handlers initialized
[2026-02-22T16:40:48.039Z] [INFO] Connecting to PostgreSQL...
[2026-02-22T16:40:48.095Z] [INFO] Connecting to Redis...
[2026-02-22T16:42:32.521Z] [INFO] SIGTERM received. Shutting down...
[2026-02-22T16:42:33.314Z] [ERROR] Failed to initialize connections: {"error":"Failed to connect to Redis"}
[2026-02-22T16:42:33.339Z] [ERROR] Connections failed. Exiting.
[2026-04-06T20:14:41.470Z] [INFO] ✅ Message WebSocket handlers initialized
[2026-04-06T20:20:04.319Z] [INFO] ✅ Message WebSocket handlers initialized
[2026-04-06T20:32:14.808Z] [INFO] ✅ Message WebSocket handlers initialized
[2026-04-06T20:32:56.424Z] [INFO] ✅ Message WebSocket handlers initialized
[2026-04-06T20:33:07.305Z] [INFO] ✅ Message WebSocket handlers initialized
[2026-04-06T20:53:01.174Z] [INFO] ✅ Message WebSocket handlers initialized
